<?xml version="1.0" encoding="UTF-8"?>
<testsuite name="org.zerock.sp1.mapper.BoardMapperTests" tests="1" skipped="0" failures="0" errors="0" timestamp="2022-04-21T08:50:54" hostname="DESKTOP-GKV2GLQ" time="0.168">
  <properties/>
  <testcase name="testDelete()" classname="org.zerock.sp1.mapper.BoardMapperTests" time="0.168"/>
  <system-out><![CDATA[05:50:53  INFO [org.springframework.test.context.support.DefaultTestContextBootstrapper] Loaded default TestExecutionListener class names from location [META-INF/spring.factories]: [org.springframework.test.context.web.ServletTestExecutionListener, org.springframework.test.context.support.DirtiesContextBeforeModesTestExecutionListener, org.springframework.test.context.event.ApplicationEventsTestExecutionListener, org.springframework.test.context.support.DependencyInjectionTestExecutionListener, org.springframework.test.context.support.DirtiesContextTestExecutionListener, org.springframework.test.context.transaction.TransactionalTestExecutionListener, org.springframework.test.context.jdbc.SqlScriptsTestExecutionListener, org.springframework.test.context.event.EventPublishingTestExecutionListener]
05:50:53  INFO [org.springframework.test.context.support.DefaultTestContextBootstrapper] Using TestExecutionListeners: [org.springframework.test.context.support.DirtiesContextBeforeModesTestExecutionListener@60f2e0bd, org.springframework.test.context.event.ApplicationEventsTestExecutionListener@469d003c, org.springframework.test.context.support.DependencyInjectionTestExecutionListener@6b410923, org.springframework.test.context.support.DirtiesContextTestExecutionListener@57bd2029, org.springframework.test.context.transaction.TransactionalTestExecutionListener@203dd56b, org.springframework.test.context.jdbc.SqlScriptsTestExecutionListener@e8fadb0, org.springframework.test.context.event.EventPublishingTestExecutionListener@6d64b553]
05:50:53  INFO [com.zaxxer.hikari.HikariDataSource] HikariPool-1 - Starting...
05:50:53  INFO [com.zaxxer.hikari.pool.HikariPool] HikariPool-1 - Added connection org.mariadb.jdbc.Connection@55e42449
05:50:53  INFO [com.zaxxer.hikari.HikariDataSource] HikariPool-1 - Start completed.
05:50:54 DEBUG [org.zerock.sp1.mapper.BoardMapper.delete] ==>  Preparing: UPDATE tbl_board SET delYn = 1 WHERE bno=?
05:50:54 DEBUG [org.zerock.sp1.mapper.BoardMapper.delete] ==> Parameters: 4(Integer)
05:50:54 DEBUG [org.zerock.sp1.mapper.BoardMapper.delete] <==    Updates: 1
]]></system-out>
  <system-err><![CDATA[]]></system-err>
</testsuite>
